This file contains any messages produced by compilers while
running configure, to aid debugging if configure makes a mistake.

It was created by configure, which was
generated by GNU Autoconf 2.68.  Invocation command line was

  $ ../configure --no-create --no-recursion

## --------- ##
## Platform. ##
## --------- ##

hostname = ed-ThinkPad-X61
uname -m = x86_64
uname -r = 3.2.0-23-generic
uname -s = Linux
uname -v = #36-Ubuntu SMP Tue Apr 10 20:39:51 UTC 2012

/usr/bin/uname -p = unknown
/bin/uname -X     = unknown

/bin/arch              = unknown
/usr/bin/arch -k       = unknown
/usr/convex/getsysinfo = unknown
/usr/bin/hostinfo      = unknown
/bin/machine           = unknown
/usr/bin/oslevel       = unknown
/bin/universe          = unknown

PATH: /usr/local/sbin
PATH: /usr/local/bin
PATH: /usr/sbin
PATH: /usr/bin
PATH: /sbin
PATH: /bin
PATH: /usr/games


## ----------- ##
## Core tests. ##
## ----------- ##

configure:2472: checking for a BSD-compatible install
configure:2540: result: /usr/bin/install -c
configure:2551: checking whether build environment is sane
configure:2601: result: yes
configure:2742: checking for a thread-safe mkdir -p
configure:2781: result: /bin/mkdir -p
configure:2794: checking for gawk
configure:2810: found /usr/bin/gawk
configure:2821: result: gawk
configure:2832: checking whether make sets $(MAKE)
configure:2854: result: yes
configure:2955: checking build system type
configure:2969: result: x86_64-unknown-linux-gnu
configure:2989: checking host system type
configure:3002: result: x86_64-unknown-linux-gnu
configure:3034: checking for style of include used by make
configure:3062: result: GNU
configure:3089: checking for previous host
configure:3096: result: x86_64-unknown-linux-gnu
configure:3187: checking for gcc
configure:3203: found /usr/bin/gcc
configure:3214: result: gcc
configure:3443: checking for C compiler version
configure:3452: gcc --version >&5
gcc (Ubuntu/Linaro 4.6.3-1ubuntu5) 4.6.3
Copyright (C) 2011 Free Software Foundation, Inc.
This is free software; see the source for copying conditions.  There is NO
warranty; not even for MERCHANTABILITY or FITNESS FOR A PARTICULAR PURPOSE.

configure:3463: $? = 0
configure:3452: gcc -v >&5
Using built-in specs.
COLLECT_GCC=gcc
COLLECT_LTO_WRAPPER=/usr/lib/gcc/x86_64-linux-gnu/4.6/lto-wrapper
Target: x86_64-linux-gnu
Configured with: ../src/configure -v --with-pkgversion='Ubuntu/Linaro 4.6.3-1ubuntu5' --with-bugurl=file:///usr/share/doc/gcc-4.6/README.Bugs --enable-languages=c,c++,fortran,objc,obj-c++ --prefix=/usr --program-suffix=-4.6 --enable-shared --enable-linker-build-id --with-system-zlib --libexecdir=/usr/lib --without-included-gettext --enable-threads=posix --with-gxx-include-dir=/usr/include/c++/4.6 --libdir=/usr/lib --enable-nls --with-sysroot=/ --enable-clocale=gnu --enable-libstdcxx-debug --enable-libstdcxx-time=yes --enable-gnu-unique-object --enable-plugin --enable-objc-gc --disable-werror --with-arch-32=i686 --with-tune=generic --enable-checking=release --build=x86_64-linux-gnu --host=x86_64-linux-gnu --target=x86_64-linux-gnu
Thread model: posix
gcc version 4.6.3 (Ubuntu/Linaro 4.6.3-1ubuntu5) 
configure:3463: $? = 0
configure:3452: gcc -V >&5
gcc: error: unrecognized option '-V'
gcc: fatal error: no input files
compilation terminated.
configure:3463: $? = 4
configure:3452: gcc -qversion >&5
gcc: error: unrecognized option '-qversion'
gcc: fatal error: no input files
compilation terminated.
configure:3463: $? = 4
configure:3483: checking whether the C compiler works
configure:3505: gcc    conftest.c  >&5
configure:3509: $? = 0
configure:3557: result: yes
configure:3560: checking for C compiler default output file name
configure:3562: result: a.out
configure:3568: checking for suffix of executables
configure:3575: gcc -o conftest    conftest.c  >&5
configure:3579: $? = 0
configure:3601: result: 
configure:3623: checking whether we are cross compiling
configure:3631: gcc -o conftest    conftest.c  >&5
configure:3635: $? = 0
configure:3642: ./conftest
configure:3646: $? = 0
configure:3661: result: no
configure:3666: checking for suffix of object files
configure:3688: gcc -c   conftest.c >&5
configure:3692: $? = 0
configure:3713: result: o
configure:3717: checking whether we are using the GNU C compiler
configure:3736: gcc -c   conftest.c >&5
configure:3736: $? = 0
configure:3745: result: yes
configure:3754: checking whether gcc accepts -g
configure:3774: gcc -c -g  conftest.c >&5
configure:3774: $? = 0
configure:3815: result: yes
configure:3832: checking for gcc option to accept ISO C89
configure:3896: gcc  -c -g -O2  conftest.c >&5
configure:3896: $? = 0
configure:3909: result: none needed
configure:3931: checking dependency style of gcc
configure:4042: result: gcc3
configure:4062: checking how to run the C preprocessor
configure:4093: gcc -E  conftest.c
configure:4093: $? = 0
configure:4107: gcc -E  conftest.c
conftest.c:11:28: fatal error: ac_nonexistent.h: No such file or directory
compilation terminated.
configure:4107: $? = 1
configure: failed program was:
| /* confdefs.h */
| #define PACKAGE_NAME ""
| #define PACKAGE_TARNAME ""
| #define PACKAGE_VERSION ""
| #define PACKAGE_STRING ""
| #define PACKAGE_BUGREPORT ""
| #define PACKAGE_URL ""
| #define PACKAGE "picogui-server"
| #define VERSION "0.45"
| /* end confdefs.h.  */
| #include <ac_nonexistent.h>
configure:4132: result: gcc -E
configure:4152: gcc -E  conftest.c
configure:4152: $? = 0
configure:4166: gcc -E  conftest.c
conftest.c:11:28: fatal error: ac_nonexistent.h: No such file or directory
compilation terminated.
configure:4166: $? = 1
configure: failed program was:
| /* confdefs.h */
| #define PACKAGE_NAME ""
| #define PACKAGE_TARNAME ""
| #define PACKAGE_VERSION ""
| #define PACKAGE_STRING ""
| #define PACKAGE_BUGREPORT ""
| #define PACKAGE_URL ""
| #define PACKAGE "picogui-server"
| #define VERSION "0.45"
| /* end confdefs.h.  */
| #include <ac_nonexistent.h>
configure:4237: checking for ranlib
configure:4253: found /usr/bin/ranlib
configure:4264: result: ranlib
configure:4289: checking for ar
configure:4305: found /usr/bin/ar
configure:4316: result: ar
configure:4326: checking for nm
configure:4342: found /usr/bin/nm
configure:4353: result: nm
configure:4426: checking if the configuration file is readable
configure:4430: result: profile.user
configure:5007: checking for perl5
configure:5040: result: no
configure:5007: checking for perl
configure:5025: found /usr/bin/perl
configure:5037: result: /usr/bin/perl
configure:5450: checking for delscreen in -lncurses
configure:5475: gcc -o conftest -g -O2   conftest.c -lncurses   >&5
configure:5475: $? = 0
configure:5484: result: yes
configure:5493: checking ncurses/ncurses.h usability
configure:5493: gcc -c -g -O2  conftest.c >&5
conftest.c:44:29: fatal error: ncurses/ncurses.h: No such file or directory
compilation terminated.
configure:5493: $? = 1
configure: failed program was:
| /* confdefs.h */
| #define PACKAGE_NAME ""
| #define PACKAGE_TARNAME ""
| #define PACKAGE_VERSION ""
| #define PACKAGE_STRING ""
| #define PACKAGE_BUGREPORT ""
| #define PACKAGE_URL ""
| #define PACKAGE "picogui-server"
| #define VERSION "0.45"
| /* end confdefs.h.  */
| #include <stdio.h>
| #ifdef HAVE_SYS_TYPES_H
| # include <sys/types.h>
| #endif
| #ifdef HAVE_SYS_STAT_H
| # include <sys/stat.h>
| #endif
| #ifdef STDC_HEADERS
| # include <stdlib.h>
| # include <stddef.h>
| #else
| # ifdef HAVE_STDLIB_H
| #  include <stdlib.h>
| # endif
| #endif
| #ifdef HAVE_STRING_H
| # if !defined STDC_HEADERS && defined HAVE_MEMORY_H
| #  include <memory.h>
| # endif
| # include <string.h>
| #endif
| #ifdef HAVE_STRINGS_H
| # include <strings.h>
| #endif
| #ifdef HAVE_INTTYPES_H
| # include <inttypes.h>
| #endif
| #ifdef HAVE_STDINT_H
| # include <stdint.h>
| #endif
| #ifdef HAVE_UNISTD_H
| # include <unistd.h>
| #endif
| #include <ncurses/ncurses.h>
configure:5493: result: no
configure:5493: checking ncurses/ncurses.h presence
configure:5493: gcc -E  conftest.c
conftest.c:11:29: fatal error: ncurses/ncurses.h: No such file or directory
compilation terminated.
configure:5493: $? = 1
configure: failed program was:
| /* confdefs.h */
| #define PACKAGE_NAME ""
| #define PACKAGE_TARNAME ""
| #define PACKAGE_VERSION ""
| #define PACKAGE_STRING ""
| #define PACKAGE_BUGREPORT ""
| #define PACKAGE_URL ""
| #define PACKAGE "picogui-server"
| #define VERSION "0.45"
| /* end confdefs.h.  */
| #include <ncurses/ncurses.h>
configure:5493: result: no
configure:5493: checking for ncurses/ncurses.h
configure:5493: result: no
configure:5493: checking ncurses/curses.h usability
configure:5493: gcc -c -g -O2  conftest.c >&5
conftest.c:44:28: fatal error: ncurses/curses.h: No such file or directory
compilation terminated.
configure:5493: $? = 1
configure: failed program was:
| /* confdefs.h */
| #define PACKAGE_NAME ""
| #define PACKAGE_TARNAME ""
| #define PACKAGE_VERSION ""
| #define PACKAGE_STRING ""
| #define PACKAGE_BUGREPORT ""
| #define PACKAGE_URL ""
| #define PACKAGE "picogui-server"
| #define VERSION "0.45"
| /* end confdefs.h.  */
| #include <stdio.h>
| #ifdef HAVE_SYS_TYPES_H
| # include <sys/types.h>
| #endif
| #ifdef HAVE_SYS_STAT_H
| # include <sys/stat.h>
| #endif
| #ifdef STDC_HEADERS
| # include <stdlib.h>
| # include <stddef.h>
| #else
| # ifdef HAVE_STDLIB_H
| #  include <stdlib.h>
| # endif
| #endif
| #ifdef HAVE_STRING_H
| # if !defined STDC_HEADERS && defined HAVE_MEMORY_H
| #  include <memory.h>
| # endif
| # include <string.h>
| #endif
| #ifdef HAVE_STRINGS_H
| # include <strings.h>
| #endif
| #ifdef HAVE_INTTYPES_H
| # include <inttypes.h>
| #endif
| #ifdef HAVE_STDINT_H
| # include <stdint.h>
| #endif
| #ifdef HAVE_UNISTD_H
| # include <unistd.h>
| #endif
| #include <ncurses/curses.h>
configure:5493: result: no
configure:5493: checking ncurses/curses.h presence
configure:5493: gcc -E  conftest.c
conftest.c:11:28: fatal error: ncurses/curses.h: No such file or directory
compilation terminated.
configure:5493: $? = 1
configure: failed program was:
| /* confdefs.h */
| #define PACKAGE_NAME ""
| #define PACKAGE_TARNAME ""
| #define PACKAGE_VERSION ""
| #define PACKAGE_STRING ""
| #define PACKAGE_BUGREPORT ""
| #define PACKAGE_URL ""
| #define PACKAGE "picogui-server"
| #define VERSION "0.45"
| /* end confdefs.h.  */
| #include <ncurses/curses.h>
configure:5493: result: no
configure:5493: checking for ncurses/curses.h
configure:5493: result: no
configure:5493: checking ncurses.h usability
configure:5493: gcc -c -g -O2  conftest.c >&5
configure:5493: $? = 0
configure:5493: result: yes
configure:5493: checking ncurses.h presence
configure:5493: gcc -E  conftest.c
configure:5493: $? = 0
configure:5493: result: yes
configure:5493: checking for ncurses.h
configure:5493: result: yes
configure:5493: checking curses.h usability
configure:5493: gcc -c -g -O2  conftest.c >&5
configure:5493: $? = 0
configure:5493: result: yes
configure:5493: checking curses.h presence
configure:5493: gcc -E  conftest.c
configure:5493: $? = 0
configure:5493: result: yes
configure:5493: checking for curses.h
configure:5493: result: yes
configure:5656: checking for sdl-config
configure:5674: found /usr/bin/sdl-config
configure:5687: result: /usr/bin/sdl-config
configure:5697: checking for SDL - version >= 1.0.0
configure:5784: gcc -o conftest  -I/usr/include/SDL -D_GNU_SOURCE=1 -D_REENTRANT   conftest.c  -L/usr/lib/x86_64-linux-gnu -lSDL >&5
configure:5784: $? = 0
configure:5784: ./conftest
configure:5784: $? = 0
configure:5799: result: yes
configure:6282: checking for pkg-config
configure:6300: found /usr/bin/pkg-config
configure:6312: result: /usr/bin/pkg-config
configure:6337: checking pkg-config is at least version 0.9.0
configure:6340: result: yes
configure:6628: checking how to print strings
configure:6655: result: printf
configure:6676: checking for a sed that does not truncate output
configure:6740: result: /bin/sed
configure:6758: checking for fgrep
configure:6820: result: /bin/fgrep
configure:6855: checking for ld used by gcc
configure:6922: result: /usr/bin/ld
configure:6929: checking if the linker (/usr/bin/ld) is GNU ld
configure:6944: result: yes
configure:6956: checking for BSD- or MS-compatible name lister (nm)
configure:7005: result: nm
configure:7135: checking the name lister (nm) interface
configure:7142: gcc -c   conftest.c >&5
configure:7145: nm "conftest.o"
configure:7148: output
0000000000000000 B some_variable
configure:7155: result: BSD nm
configure:7158: checking whether ln -s works
configure:7162: result: yes
configure:7170: checking the maximum length of command line arguments
configure:7300: result: 3458764513820540925
configure:7317: checking whether the shell understands some XSI constructs
configure:7327: result: yes
configure:7331: checking whether the shell understands "+="
configure:7337: result: yes
configure:7372: checking how to convert x86_64-unknown-linux-gnu file names to x86_64-unknown-linux-gnu format
configure:7412: result: func_convert_file_noop
configure:7419: checking how to convert x86_64-unknown-linux-gnu file names to toolchain format
configure:7439: result: func_convert_file_noop
configure:7446: checking for /usr/bin/ld option to reload object files
configure:7453: result: -r
configure:7527: checking for objdump
configure:7543: found /usr/bin/objdump
configure:7554: result: objdump
configure:7586: checking how to recognize dependent libraries
configure:7788: result: pass_all
configure:7873: checking for dlltool
configure:7903: result: no
configure:7933: checking how to associate runtime and link libraries
configure:7960: result: printf %s\n
configure:8084: checking for archiver @FILE support
configure:8101: gcc -c   conftest.c >&5
configure:8101: $? = 0
configure:8104: ar cru libconftest.a @conftest.lst >&5
configure:8107: $? = 0
configure:8112: ar cru libconftest.a @conftest.lst >&5
ar: conftest.o: No such file or directory
configure:8115: $? = 1
configure:8127: result: @
configure:8185: checking for strip
configure:8201: found /usr/bin/strip
configure:8212: result: strip
configure:8284: checking for ranlib
configure:8311: result: ranlib
configure:8413: checking command to parse nm output from gcc object
configure:8533: gcc -c   conftest.c >&5
configure:8536: $? = 0
configure:8540: nm conftest.o \| sed -n -e 's/^.*[ ]\([ABCDGIRSTW][ABCDGIRSTW]*\)[ ][ ]*\([_A-Za-z][_A-Za-z0-9]*\)$/\1 \2 \2/p' | sed '/ __gnu_lto/d' \> conftest.nm
configure:8543: $? = 0
configure:8609: gcc -o conftest    conftest.c conftstm.o >&5
configure:8612: $? = 0
configure:8650: result: ok
configure:8687: checking for sysroot
configure:8717: result: no
configure:8794: gcc -c   conftest.c >&5
configure:8797: $? = 0
configure:8973: checking for mt
configure:8989: found /bin/mt
configure:9000: result: mt
configure:9023: checking if mt is a manifest tool
configure:9029: mt '-?'
configure:9037: result: no
configure:9676: checking for dlfcn.h
configure:9676: gcc -c   conftest.c >&5
configure:9676: $? = 0
configure:9676: result: yes
configure:9822: checking for objdir
configure:9837: result: .libs
configure:10104: checking if gcc supports -fno-rtti -fno-exceptions
configure:10122: gcc -c   -fno-rtti -fno-exceptions conftest.c >&5
cc1: warning: command line option '-fno-rtti' is valid for C++/ObjC++ but not for C [enabled by default]
configure:10126: $? = 0
configure:10139: result: no
configure:10466: checking for gcc option to produce PIC
configure:10473: result: -fPIC -DPIC
configure:10481: checking if gcc PIC flag -fPIC -DPIC works
configure:10499: gcc -c   -fPIC -DPIC -DPIC conftest.c >&5
configure:10503: $? = 0
configure:10516: result: yes
configure:10545: checking if gcc static flag -static works
configure:10573: result: yes
configure:10588: checking if gcc supports -c -o file.o
configure:10609: gcc -c   -o out/conftest2.o conftest.c >&5
configure:10613: $? = 0
configure:10635: result: yes
configure:10643: checking if gcc supports -c -o file.o
configure:10690: result: yes
configure:10723: checking whether the gcc linker (/usr/bin/ld -m elf_x86_64) supports shared libraries
configure:11880: result: no
configure:12120: checking dynamic linker characteristics
configure:12631: gcc -o conftest     conftest.c  >&5
configure:12631: $? = 0
configure:12865: result: GNU/Linux ld.so
configure:12972: checking how to hardcode library paths into programs
configure:12997: result: unsupported
configure:13537: checking whether stripping libraries is possible
configure:13542: result: yes
configure:13577: checking if libtool supports shared libraries
configure:13579: result: no
configure:13582: checking whether to build shared libraries
configure:13603: result: no
configure:13606: checking whether to build static libraries
configure:13610: result: yes
configure:13672: checking jpeglib.h usability
configure:13672: gcc -c   conftest.c >&5
configure:13672: $? = 0
configure:13672: result: yes
configure:13672: checking jpeglib.h presence
configure:13672: gcc -E  conftest.c
configure:13672: $? = 0
configure:13672: result: yes
configure:13672: checking for jpeglib.h
configure:13672: result: yes
configure:13687: checking for jpeg_read_header in -ljpeg
configure:13712: gcc -o conftest    conftest.c -ljpeg   >&5
configure:13712: $? = 0
configure:13721: result: yes
configure:13952: checking for png_sig_cmp in -lpng
configure:13977: gcc -o conftest    conftest.c -lpng  -ljpeg  -ljpeg >&5
configure:13977: $? = 0
configure:13986: result: yes
configure:14096: checking for XOpenDisplay in -lX11
configure:14121: gcc -o conftest    conftest.c -lX11  -lpng -ljpeg  -ljpeg >&5
configure:14121: $? = 0
configure:14130: result: yes
configure:14866: checking for dirent.h that defines DIR
configure:14885: gcc -c  -O2 -g  conftest.c >&5
configure:14885: $? = 0
configure:14893: result: yes
configure:14906: checking for library containing opendir
configure:14937: gcc -o conftest  -O2 -g   conftest.c -lX11 -lpng -ljpeg  -ljpeg >&5
configure:14937: $? = 0
configure:14954: result: none required
configure:15021: checking for ANSI C header files
configure:15041: gcc -c  -O2 -g  conftest.c >&5
configure:15041: $? = 0
configure:15125: result: no
configure:15136: checking fcntl.h usability
configure:15136: gcc -c  -O2 -g  conftest.c >&5
configure:15136: $? = 0
configure:15136: result: yes
configure:15136: checking fcntl.h presence
configure:15136: gcc -E  conftest.c
configure:15136: $? = 0
configure:15136: result: yes
configure:15136: checking for fcntl.h
configure:15136: result: yes
configure:15136: checking malloc.h usability
configure:15136: gcc -c  -O2 -g  conftest.c >&5
configure:15136: $? = 0
configure:15136: result: yes
configure:15136: checking malloc.h presence
configure:15136: gcc -E  conftest.c
configure:15136: $? = 0
configure:15136: result: yes
configure:15136: checking for malloc.h
configure:15136: result: yes
configure:15136: checking sys/ioctl.h usability
configure:15136: gcc -c  -O2 -g  conftest.c >&5
configure:15136: $? = 0
configure:15136: result: yes
configure:15136: checking sys/ioctl.h presence
configure:15136: gcc -E  conftest.c
configure:15136: $? = 0
configure:15136: result: yes
configure:15136: checking for sys/ioctl.h
configure:15136: result: yes
configure:15136: checking sys/time.h usability
configure:15136: gcc -c  -O2 -g  conftest.c >&5
configure:15136: $? = 0
configure:15136: result: yes
configure:15136: checking sys/time.h presence
configure:15136: gcc -E  conftest.c
configure:15136: $? = 0
configure:15136: result: yes
configure:15136: checking for sys/time.h
configure:15136: result: yes
configure:15136: checking unistd.h usability
configure:15136: gcc -c  -O2 -g  conftest.c >&5
configure:15136: $? = 0
configure:15136: result: yes
configure:15136: checking unistd.h presence
configure:15136: gcc -E  conftest.c
configure:15136: $? = 0
configure:15136: result: yes
configure:15136: checking for unistd.h
configure:15136: result: yes
configure:15147: checking for an ANSI C-conforming const
configure:15212: gcc -c  -O2 -g  conftest.c >&5
configure:15212: $? = 0
configure:15219: result: yes
configure:15227: checking for inline
configure:15243: gcc -c  -O2 -g  conftest.c >&5
configure:15243: $? = 0
configure:15251: result: inline
configure:15269: checking for pid_t
configure:15269: gcc -c  -O2 -g  conftest.c >&5
configure:15269: $? = 0
configure:15269: gcc -c  -O2 -g  conftest.c >&5
conftest.c: In function 'main':
conftest.c:61:20: error: expected expression before ')' token
configure:15269: $? = 1
configure: failed program was:
| /* confdefs.h */
| #define PACKAGE_NAME ""
| #define PACKAGE_TARNAME ""
| #define PACKAGE_VERSION ""
| #define PACKAGE_STRING ""
| #define PACKAGE_BUGREPORT ""
| #define PACKAGE_URL ""
| #define PACKAGE "picogui-server"
| #define VERSION "0.45"
| #define HAVE_NCURSES_H 1
| #define HAVE_CURSES_H 1
| #define HAVE_DLFCN_H 1
| #define LT_OBJDIR ".libs/"
| #define HAVE_JPEGLIB_H 1
| #define HAVE_LIBJPEG 1
| #define HAVE_LIBPNG 1
| #define HAVE_LIBX11 1
| #define HAVE_DIRENT_H 1
| #define HAVE_FCNTL_H 1
| #define HAVE_MALLOC_H 1
| #define HAVE_SYS_IOCTL_H 1
| #define HAVE_SYS_TIME_H 1
| #define HAVE_UNISTD_H 1
| /* end confdefs.h.  */
| #include <stdio.h>
| #ifdef HAVE_SYS_TYPES_H
| # include <sys/types.h>
| #endif
| #ifdef HAVE_SYS_STAT_H
| # include <sys/stat.h>
| #endif
| #ifdef STDC_HEADERS
| # include <stdlib.h>
| # include <stddef.h>
| #else
| # ifdef HAVE_STDLIB_H
| #  include <stdlib.h>
| # endif
| #endif
| #ifdef HAVE_STRING_H
| # if !defined STDC_HEADERS && defined HAVE_MEMORY_H
| #  include <memory.h>
| # endif
| # include <string.h>
| #endif
| #ifdef HAVE_STRINGS_H
| # include <strings.h>
| #endif
| #ifdef HAVE_INTTYPES_H
| # include <inttypes.h>
| #endif
| #ifdef HAVE_STDINT_H
| # include <stdint.h>
| #endif
| #ifdef HAVE_UNISTD_H
| # include <unistd.h>
| #endif
| int
| main ()
| {
| if (sizeof ((pid_t)))
| 	    return 0;
|   ;
|   return 0;
| }
configure:15269: result: yes
configure:15280: checking for size_t
configure:15280: gcc -c  -O2 -g  conftest.c >&5
configure:15280: $? = 0
configure:15280: gcc -c  -O2 -g  conftest.c >&5
conftest.c: In function 'main':
conftest.c:61:21: error: expected expression before ')' token
configure:15280: $? = 1
configure: failed program was:
| /* confdefs.h */
| #define PACKAGE_NAME ""
| #define PACKAGE_TARNAME ""
| #define PACKAGE_VERSION ""
| #define PACKAGE_STRING ""
| #define PACKAGE_BUGREPORT ""
| #define PACKAGE_URL ""
| #define PACKAGE "picogui-server"
| #define VERSION "0.45"
| #define HAVE_NCURSES_H 1
| #define HAVE_CURSES_H 1
| #define HAVE_DLFCN_H 1
| #define LT_OBJDIR ".libs/"
| #define HAVE_JPEGLIB_H 1
| #define HAVE_LIBJPEG 1
| #define HAVE_LIBPNG 1
| #define HAVE_LIBX11 1
| #define HAVE_DIRENT_H 1
| #define HAVE_FCNTL_H 1
| #define HAVE_MALLOC_H 1
| #define HAVE_SYS_IOCTL_H 1
| #define HAVE_SYS_TIME_H 1
| #define HAVE_UNISTD_H 1
| /* end confdefs.h.  */
| #include <stdio.h>
| #ifdef HAVE_SYS_TYPES_H
| # include <sys/types.h>
| #endif
| #ifdef HAVE_SYS_STAT_H
| # include <sys/stat.h>
| #endif
| #ifdef STDC_HEADERS
| # include <stdlib.h>
| # include <stddef.h>
| #else
| # ifdef HAVE_STDLIB_H
| #  include <stdlib.h>
| # endif
| #endif
| #ifdef HAVE_STRING_H
| # if !defined STDC_HEADERS && defined HAVE_MEMORY_H
| #  include <memory.h>
| # endif
| # include <string.h>
| #endif
| #ifdef HAVE_STRINGS_H
| # include <strings.h>
| #endif
| #ifdef HAVE_INTTYPES_H
| # include <inttypes.h>
| #endif
| #ifdef HAVE_STDINT_H
| # include <stdint.h>
| #endif
| #ifdef HAVE_UNISTD_H
| # include <unistd.h>
| #endif
| int
| main ()
| {
| if (sizeof ((size_t)))
| 	    return 0;
|   ;
|   return 0;
| }
configure:15280: result: yes
configure:15291: checking whether time.h and sys/time.h may both be included
configure:15311: gcc -c  -O2 -g  conftest.c >&5
configure:15311: $? = 0
configure:15318: result: yes
configure:15328: checking whether gcc needs -traditional
configure:15362: result: no
configure:15375: checking for stdlib.h
configure:15375: gcc -c  -O2 -g  conftest.c >&5
configure:15375: $? = 0
configure:15375: result: yes
configure:15375: checking for unistd.h
configure:15375: result: yes
configure:15375: checking for sys/param.h
configure:15375: gcc -c  -O2 -g  conftest.c >&5
configure:15375: $? = 0
configure:15375: result: yes
configure:15395: checking for getpagesize
configure:15395: gcc -o conftest  -O2 -g   conftest.c -lX11 -lpng -ljpeg  -ljpeg >&5
configure:15395: $? = 0
configure:15395: result: yes
configure:15404: checking for working mmap
configure:15551: gcc -o conftest  -O2 -g   conftest.c -lX11 -lpng -ljpeg  -ljpeg >&5
configure:15551: $? = 0
configure:15551: ./conftest
configure:15551: $? = 0
configure:15561: result: yes
configure:15570: checking return type of signal handlers
configure:15588: gcc -c  -O2 -g  conftest.c >&5
conftest.c: In function 'main':
conftest.c:37:1: error: void value not ignored as it ought to be
configure:15588: $? = 1
configure: failed program was:
| /* confdefs.h */
| #define PACKAGE_NAME ""
| #define PACKAGE_TARNAME ""
| #define PACKAGE_VERSION ""
| #define PACKAGE_STRING ""
| #define PACKAGE_BUGREPORT ""
| #define PACKAGE_URL ""
| #define PACKAGE "picogui-server"
| #define VERSION "0.45"
| #define HAVE_NCURSES_H 1
| #define HAVE_CURSES_H 1
| #define HAVE_DLFCN_H 1
| #define LT_OBJDIR ".libs/"
| #define HAVE_JPEGLIB_H 1
| #define HAVE_LIBJPEG 1
| #define HAVE_LIBPNG 1
| #define HAVE_LIBX11 1
| #define HAVE_DIRENT_H 1
| #define HAVE_FCNTL_H 1
| #define HAVE_MALLOC_H 1
| #define HAVE_SYS_IOCTL_H 1
| #define HAVE_SYS_TIME_H 1
| #define HAVE_UNISTD_H 1
| #define TIME_WITH_SYS_TIME 1
| #define HAVE_STDLIB_H 1
| #define HAVE_UNISTD_H 1
| #define HAVE_SYS_PARAM_H 1
| #define HAVE_GETPAGESIZE 1
| #define HAVE_MMAP 1
| /* end confdefs.h.  */
| #include <sys/types.h>
| #include <signal.h>
| 
| int
| main ()
| {
| return *(signal (0, 0)) (0) == 1;
|   ;
|   return 0;
| }
configure:15595: result: void
configure:15605: checking for vprintf
configure:15605: gcc -o conftest  -O2 -g   conftest.c -lX11 -lpng -ljpeg  -ljpeg >&5
conftest.c:55:6: warning: conflicting types for built-in function 'vprintf' [enabled by default]
configure:15605: $? = 0
configure:15605: result: yes
configure:15611: checking for _doprnt
configure:15611: gcc -o conftest  -O2 -g   conftest.c -lX11 -lpng -ljpeg  -ljpeg >&5
/tmp/cc2J6Cm0.o: In function `main':
/home/ed/amstrad/picogui/picogui-0.46/server/build/conftest.c:67: undefined reference to `_doprnt'
collect2: ld returned 1 exit status
configure:15611: $? = 1
configure: failed program was:
| /* confdefs.h */
| #define PACKAGE_NAME ""
| #define PACKAGE_TARNAME ""
| #define PACKAGE_VERSION ""
| #define PACKAGE_STRING ""
| #define PACKAGE_BUGREPORT ""
| #define PACKAGE_URL ""
| #define PACKAGE "picogui-server"
| #define VERSION "0.45"
| #define HAVE_NCURSES_H 1
| #define HAVE_CURSES_H 1
| #define HAVE_DLFCN_H 1
| #define LT_OBJDIR ".libs/"
| #define HAVE_JPEGLIB_H 1
| #define HAVE_LIBJPEG 1
| #define HAVE_LIBPNG 1
| #define HAVE_LIBX11 1
| #define HAVE_DIRENT_H 1
| #define HAVE_FCNTL_H 1
| #define HAVE_MALLOC_H 1
| #define HAVE_SYS_IOCTL_H 1
| #define HAVE_SYS_TIME_H 1
| #define HAVE_UNISTD_H 1
| #define TIME_WITH_SYS_TIME 1
| #define HAVE_STDLIB_H 1
| #define HAVE_UNISTD_H 1
| #define HAVE_SYS_PARAM_H 1
| #define HAVE_GETPAGESIZE 1
| #define HAVE_MMAP 1
| #define RETSIGTYPE void
| #define HAVE_VPRINTF 1
| /* end confdefs.h.  */
| /* Define _doprnt to an innocuous variant, in case <limits.h> declares _doprnt.
|    For example, HP-UX 11i <limits.h> declares gettimeofday.  */
| #define _doprnt innocuous__doprnt
| 
| /* System header to define __stub macros and hopefully few prototypes,
|     which can conflict with char _doprnt (); below.
|     Prefer <limits.h> to <assert.h> if __STDC__ is defined, since
|     <limits.h> exists even on freestanding compilers.  */
| 
| #ifdef __STDC__
| # include <limits.h>
| #else
| # include <assert.h>
| #endif
| 
| #undef _doprnt
| 
| /* Override any GCC internal prototype to avoid an error.
|    Use char because int might match the return type of a GCC
|    builtin and then its argument prototype would still apply.  */
| #ifdef __cplusplus
| extern "C"
| #endif
| char _doprnt ();
| /* The GNU C library defines this for functions which it implements
|     to always fail with ENOSYS.  Some functions are actually named
|     something starting with __ and the normal name is an alias.  */
| #if defined __stub__doprnt || defined __stub____doprnt
| choke me
| #endif
| 
| int
| main ()
| {
| return _doprnt ();
|   ;
|   return 0;
| }
configure:15611: result: no
configure:15625: checking for gettimeofday
configure:15625: gcc -o conftest  -O2 -g   conftest.c -lX11 -lpng -ljpeg  -ljpeg >&5
configure:15625: $? = 0
configure:15625: result: yes
configure:15625: checking for select
configure:15625: gcc -o conftest  -O2 -g   conftest.c -lX11 -lpng -ljpeg  -ljpeg >&5
configure:15625: $? = 0
configure:15625: result: yes
configure:15625: checking for socket
configure:15625: gcc -o conftest  -O2 -g   conftest.c -lX11 -lpng -ljpeg  -ljpeg >&5
configure:15625: $? = 0
configure:15625: result: yes
configure:15625: checking for strerror
configure:15625: gcc -o conftest  -O2 -g   conftest.c -lX11 -lpng -ljpeg  -ljpeg >&5
configure:15625: $? = 0
configure:15625: result: yes
configure:15625: checking for strspn
configure:15625: gcc -o conftest  -O2 -g   conftest.c -lX11 -lpng -ljpeg  -ljpeg >&5
conftest.c:60:6: warning: conflicting types for built-in function 'strspn' [enabled by default]
configure:15625: $? = 0
configure:15625: result: yes
configure:15625: checking for strtol
configure:15625: gcc -o conftest  -O2 -g   conftest.c -lX11 -lpng -ljpeg  -ljpeg >&5
configure:15625: $? = 0
configure:15625: result: yes
configure:16040: creating ./config.status

## ---------------- ##
## Cache variables. ##
## ---------------- ##

ac_cv_build=x86_64-unknown-linux-gnu
ac_cv_c_compiler_gnu=yes
ac_cv_c_const=yes
ac_cv_c_inline=inline
ac_cv_canonical_host=x86_64-unknown-linux-gnu
ac_cv_env_CC_set=
ac_cv_env_CC_value=
ac_cv_env_CFLAGS_set=
ac_cv_env_CFLAGS_value=
ac_cv_env_CPPFLAGS_set=
ac_cv_env_CPPFLAGS_value=
ac_cv_env_CPP_set=
ac_cv_env_CPP_value=
ac_cv_env_DIRECTFB_CFLAGS_set=
ac_cv_env_DIRECTFB_CFLAGS_value=
ac_cv_env_DIRECTFB_LIBS_set=
ac_cv_env_DIRECTFB_LIBS_value=
ac_cv_env_LDFLAGS_set=
ac_cv_env_LDFLAGS_value=
ac_cv_env_LIBS_set=
ac_cv_env_LIBS_value=
ac_cv_env_PKG_CONFIG_LIBDIR_set=
ac_cv_env_PKG_CONFIG_LIBDIR_value=
ac_cv_env_PKG_CONFIG_PATH_set=
ac_cv_env_PKG_CONFIG_PATH_value=
ac_cv_env_PKG_CONFIG_set=
ac_cv_env_PKG_CONFIG_value=
ac_cv_env_build_alias_set=
ac_cv_env_build_alias_value=
ac_cv_env_host_alias_set=
ac_cv_env_host_alias_value=
ac_cv_env_target_alias_set=
ac_cv_env_target_alias_value=
ac_cv_func__doprnt=no
ac_cv_func_getpagesize=yes
ac_cv_func_gettimeofday=yes
ac_cv_func_mmap_fixed_mapped=yes
ac_cv_func_select=yes
ac_cv_func_socket=yes
ac_cv_func_strerror=yes
ac_cv_func_strspn=yes
ac_cv_func_strtol=yes
ac_cv_func_vprintf=yes
ac_cv_header_curses_h=yes
ac_cv_header_dirent_dirent_h=yes
ac_cv_header_dlfcn_h=yes
ac_cv_header_fcntl_h=yes
ac_cv_header_jpeglib_h=yes
ac_cv_header_malloc_h=yes
ac_cv_header_ncurses_curses_h=no
ac_cv_header_ncurses_h=yes
ac_cv_header_ncurses_ncurses_h=no
ac_cv_header_stdc=no
ac_cv_header_stdlib_h=yes
ac_cv_header_sys_ioctl_h=yes
ac_cv_header_sys_param_h=yes
ac_cv_header_sys_time_h=yes
ac_cv_header_time=yes
ac_cv_header_unistd_h=yes
ac_cv_host=x86_64-unknown-linux-gnu
ac_cv_lib_X11_XOpenDisplay=yes
ac_cv_lib_jpeg_jpeg_read_header=yes
ac_cv_lib_ncurses_delscreen=yes
ac_cv_lib_png_png_sig_cmp=yes
ac_cv_objext=o
ac_cv_path_FGREP=/bin/fgrep
ac_cv_path_PERL=/usr/bin/perl
ac_cv_path_SDL_CONFIG=/usr/bin/sdl-config
ac_cv_path_SED=/bin/sed
ac_cv_path_ac_pt_PKG_CONFIG=/usr/bin/pkg-config
ac_cv_path_install='/usr/bin/install -c'
ac_cv_path_mkdir=/bin/mkdir
ac_cv_prog_AR=ar
ac_cv_prog_AWK=gawk
ac_cv_prog_CPP='gcc -E'
ac_cv_prog_NM=nm
ac_cv_prog_ac_ct_CC=gcc
ac_cv_prog_ac_ct_MANIFEST_TOOL=mt
ac_cv_prog_ac_ct_OBJDUMP=objdump
ac_cv_prog_ac_ct_RANLIB=ranlib
ac_cv_prog_ac_ct_STRIP=strip
ac_cv_prog_cc_c89=
ac_cv_prog_cc_g=yes
ac_cv_prog_gcc_traditional=no
ac_cv_prog_make_make_set=yes
ac_cv_search_opendir='none required'
ac_cv_type_pid_t=yes
ac_cv_type_signal=void
ac_cv_type_size_t=yes
am_cv_CC_dependencies_compiler_type=gcc3
lt_cv_ar_at_file=@
lt_cv_deplibs_check_method=pass_all
lt_cv_file_magic_cmd='$MAGIC_CMD'
lt_cv_file_magic_test_file=
lt_cv_ld_reload_flag=-r
lt_cv_nm_interface='BSD nm'
lt_cv_objdir=.libs
lt_cv_path_LD=/usr/bin/ld
lt_cv_path_NM=nm
lt_cv_path_mainfest_tool=no
lt_cv_prog_compiler_c_o=yes
lt_cv_prog_compiler_pic='-fPIC -DPIC'
lt_cv_prog_compiler_pic_works=yes
lt_cv_prog_compiler_rtti_exceptions=no
lt_cv_prog_compiler_static_works=yes
lt_cv_prog_gnu_ld=yes
lt_cv_sharedlib_from_linklib_cmd='printf %s\n'
lt_cv_shlibpath_overrides_runpath=no
lt_cv_sys_global_symbol_pipe='sed -n -e '\''s/^.*[	 ]\([ABCDGIRSTW][ABCDGIRSTW]*\)[	 ][	 ]*\([_A-Za-z][_A-Za-z0-9]*\)$/\1 \2 \2/p'\'' | sed '\''/ __gnu_lto/d'\'''
lt_cv_sys_global_symbol_to_c_name_address='sed -n -e '\''s/^: \([^ ]*\)[ ]*$/  {\"\1\", (void *) 0},/p'\'' -e '\''s/^[ABCDGIRSTW]* \([^ ]*\) \([^ ]*\)$/  {"\2", (void *) \&\2},/p'\'''
lt_cv_sys_global_symbol_to_c_name_address_lib_prefix='sed -n -e '\''s/^: \([^ ]*\)[ ]*$/  {\"\1\", (void *) 0},/p'\'' -e '\''s/^[ABCDGIRSTW]* \([^ ]*\) \(lib[^ ]*\)$/  {"\2", (void *) \&\2},/p'\'' -e '\''s/^[ABCDGIRSTW]* \([^ ]*\) \([^ ]*\)$/  {"lib\2", (void *) \&\2},/p'\'''
lt_cv_sys_global_symbol_to_cdecl='sed -n -e '\''s/^T .* \(.*\)$/extern int \1();/p'\'' -e '\''s/^[ABCDGIRSTW]* .* \(.*\)$/extern char \1;/p'\'''
lt_cv_sys_max_cmd_len=3458764513820540925
lt_cv_to_host_file_cmd=func_convert_file_noop
lt_cv_to_tool_file_cmd=func_convert_file_noop

## ----------------- ##
## Output variables. ##
## ----------------- ##

ACLOCAL='${SHELL} /home/ed/amstrad/picogui/picogui-0.46/server/missing --run aclocal-1.11 -I macros'
AMDEPBACKSLASH='\'
AMDEP_FALSE='#'
AMDEP_TRUE=''
AMTAR='$${TAR-tar}'
ANTIALIAS_FALSE=''
ANTIALIAS_TRUE='#'
APPMGR=' panel.c'
AR='ar'
AUTOCONF='${SHELL} /home/ed/amstrad/picogui/picogui-0.46/server/missing --run autoconf'
AUTOHEADER='${SHELL} /home/ed/amstrad/picogui/picogui-0.46/server/missing --run autoheader'
AUTOMAKE='${SHELL} /home/ed/amstrad/picogui/picogui-0.46/server/missing --run automake-1.11'
AWK='gawk'
CC='gcc'
CCDEPMODE='depmode=gcc3'
CC_FOR_BUILD='gcc'
CFLAGS=' -O2 -g'
CONFIG_FILE='/home/ed/amstrad/picogui/picogui-0.46/server/build/profile.user'
CPP='gcc -E'
CPPFLAGS=''
CURSES='ncurses'
CYGPATH_W='echo'
DEBUGGING=' videotest.c benchmark.c'
DEFS='-DHAVE_CONFIG_H'
DEPDIR='.deps'
DIRECTFB_CFLAGS=''
DIRECTFB_FALSE=''
DIRECTFB_LIBS=''
DIRECTFB_TRUE='#'
DITHER_FALSE=''
DITHER_TRUE='#'
DLLTOOL='false'
DRIVER=' sdlfb.c null.c nullfb.c fbdev.c scrshot.c x11_bitmap.c x11_window.c x11_init.c x11_primitives.c'
DRIVER_CFLAGS=' -I/usr/include/SDL -D_GNU_SOURCE=1 -D_REENTRANT'
DRIVER_LIBS=' -L/usr/lib/x86_64-linux-gnu -lSDL -lm -lz -lpng -L/usr/X11/lib -L/usr/X11R6/lib -lX11 -lXext'
DSYMUTIL=''
DUMPBIN=''
ECHO_C=''
ECHO_N='-n'
ECHO_T=''
EGREP=''
EXEEXT=''
EZ328VGA_FALSE=''
EZ328VGA_TRUE='#'
EZ328_FALSE=''
EZ328_TRUE='#'
FBDEV_FALSE=''
FBDEV_TRUE='#'
FB_YUV16_422_PLANAR_FALSE=''
FB_YUV16_422_PLANAR_TRUE='#'
FGREP='/bin/fgrep'
FONT=' bdf_fonts.c'
FONTENGINE_BDF_FALSE=''
FONTENGINE_BDF_TRUE='#'
FONTENGINE_FREETYPE_FALSE=''
FONTENGINE_FREETYPE_TRUE='#'
FONTENGINE_FTGL_FALSE=''
FONTENGINE_FTGL_TRUE='#'
FONTENGINE_TEXTMODE_FALSE=''
FONTENGINE_TEXTMODE_TRUE='#'
FONTENGINE_XFT_FALSE=''
FONTENGINE_XFT_TRUE='#'
FORMATS=' pnm.c jpeg.c bmp.c html.c png.c gif.c plaintext.c'
GLCONTEXT_FALSE=''
GLCONTEXT_TRUE='#'
GREP='grep'
INPUT=' sdlinput.c ttykb.c serialmouse.c ps2mouse.c rawttykb.c if_client_adaptor.c'
INSIDE_GNOME_COMMON_FALSE=''
INSIDE_GNOME_COMMON_TRUE='#'
INSTALL_DATA='${INSTALL} -m 644'
INSTALL_PROGRAM='${INSTALL}'
INSTALL_SCRIPT='${INSTALL}'
INSTALL_STRIP_PROGRAM='$(install_sh) -c -s'
LD='/usr/bin/ld -m elf_x86_64'
LDFLAGS=''
LIBOBJS=''
LIBS='-lX11 -lpng -ljpeg  -ljpeg'
LIBTOOL='$(SHELL) $(top_builddir)/libtool'
LIPO=''
LN_S='ln -s'
LTLIBOBJS=''
LXDIALOG='lxdialog'
MAKEINFO='${SHELL} /home/ed/amstrad/picogui/picogui-0.46/server/missing --run makeinfo'
MANIFEST_TOOL=':'
MGL2FB_FALSE=''
MGL2FB_TRUE='#'
MKDIR_P='/bin/mkdir -p'
NCURSES_FALSE=''
NCURSES_TRUE='#'
NM='nm'
NMEDIT=''
NULLFB_FALSE=''
NULLFB_TRUE='#'
NULL_FALSE=''
NULL_TRUE='#'
OBJDUMP='objdump'
OBJEXT='o'
OS=' posix.c posix_signals.c posix_commandline.c'
OS_POSIX_FALSE=''
OS_POSIX_TRUE='#'
OS_UCLINUX_FALSE=''
OS_UCLINUX_TRUE='#'
OS_WIN32_FALSE=''
OS_WIN32_TRUE='#'
OTOOL64=''
OTOOL=''
PACKAGE='picogui-server'
PACKAGE_BUGREPORT=''
PACKAGE_NAME=''
PACKAGE_STRING=''
PACKAGE_TARNAME=''
PACKAGE_URL=''
PACKAGE_VERSION=''
PAL8_VISIBONE2_FALSE=''
PAL8_VISIBONE2_TRUE='#'
PATH_SEPARATOR=':'
PERL='/usr/bin/perl'
PKG_CONFIG='/usr/bin/pkg-config'
PKG_CONFIG_LIBDIR=''
PKG_CONFIG_PATH=''
RANLIB='ranlib'
S1D13806_FALSE=''
S1D13806_TRUE='#'
SCRSHOT_FALSE=''
SCRSHOT_TRUE='#'
SDLFB_FALSE=''
SDLFB_TRUE='#'
SDLGL_FALSE=''
SDLGL_TRUE='#'
SDL_CFLAGS='-I/usr/include/SDL -D_GNU_SOURCE=1 -D_REENTRANT'
SDL_CONFIG='/usr/bin/sdl-config'
SDL_LIBS='-L/usr/lib/x86_64-linux-gnu -lSDL'
SED133X_FALSE=''
SED133X_TRUE='#'
SED='/bin/sed'
SERIAL40X4_FALSE=''
SERIAL40X4_TRUE='#'
SET_MAKE=''
SHELL='/bin/sh'
STRIP='strip'
SVGAFB_FALSE=''
SVGAFB_TRUE='#'
VBL_GL_FALSE=''
VBL_GL_TRUE='#'
VBL_LINEAR16_FALSE=''
VBL_LINEAR16_TRUE='#'
VBL_LINEAR1_FALSE=''
VBL_LINEAR1_TRUE='#'
VBL_LINEAR24_FALSE=''
VBL_LINEAR24_TRUE='#'
VBL_LINEAR2_FALSE=''
VBL_LINEAR2_TRUE='#'
VBL_LINEAR32_FALSE=''
VBL_LINEAR32_TRUE='#'
VBL_LINEAR4_FALSE=''
VBL_LINEAR4_TRUE='#'
VBL_LINEAR8_FALSE=''
VBL_LINEAR8_TRUE='#'
VBL_SLOWVBL_FALSE=''
VBL_SLOWVBL_TRUE='#'
VBL_VGAPLAN4_FALSE=''
VBL_VGAPLAN4_TRUE='#'
VERSION='0.45'
VIDBASE=' linear1.c linear2.c linear4.c linear8.c linear16.c linear24.c linear32.c slowvbl.c dvbl_dither.c visibone2.c dvbl_primitives.c font_bdf.c'
VIDSUBDIRS=''
VIDWRAP=' rotate90.c rotate180.c rotate270.c'
VNCSERVER_FALSE=''
VNCSERVER_TRUE='#'
WIDGET=' background.c box.c button.c checkbox.c flatbutton.c label.c listitem.c menuitem.c radiobutton.c submenuitem.c canvas.c dialogbox.c indicator.c panelbar.c panel.c popup.c scroll.c scrollbox.c tabpage.c terminal_frontend.c terminal_vt102.c terminal_textgrid.c textbox_frontend.c textbox_document.c textbox_paragraph.c pgstr_textbuffers.c field.c textedit_frontend.c textedit_llist.c textedit_logical.c toolbar.c'
WIDGET_BACKGROUND_FALSE=''
WIDGET_BACKGROUND_TRUE='#'
WIDGET_BOX_FALSE=''
WIDGET_BOX_TRUE='#'
WIDGET_BUTTON_FALSE=''
WIDGET_BUTTON_TRUE='#'
WIDGET_CANVAS_FALSE=''
WIDGET_CANVAS_TRUE='#'
WIDGET_CHECKBOX_FALSE=''
WIDGET_CHECKBOX_TRUE='#'
WIDGET_DIALOGBOX_FALSE=''
WIDGET_DIALOGBOX_TRUE='#'
WIDGET_FIELD_FALSE=''
WIDGET_FIELD_TRUE='#'
WIDGET_FLATBUTTON_FALSE=''
WIDGET_FLATBUTTON_TRUE='#'
WIDGET_INDICATOR_FALSE=''
WIDGET_INDICATOR_TRUE='#'
WIDGET_LABEL_FALSE=''
WIDGET_LABEL_TRUE='#'
WIDGET_LISTITEM_FALSE=''
WIDGET_LISTITEM_TRUE='#'
WIDGET_MANAGEDWINDOW_FALSE=''
WIDGET_MANAGEDWINDOW_TRUE='#'
WIDGET_MENUITEM_FALSE=''
WIDGET_MENUITEM_TRUE='#'
WIDGET_MESSAGEDIALOG_FALSE=''
WIDGET_MESSAGEDIALOG_TRUE='#'
WIDGET_PANELBAR_FALSE=''
WIDGET_PANELBAR_TRUE='#'
WIDGET_PANEL_FALSE=''
WIDGET_PANEL_TRUE='#'
WIDGET_POPUP_FALSE=''
WIDGET_POPUP_TRUE='#'
WIDGET_RADIOBUTTON_FALSE=''
WIDGET_RADIOBUTTON_TRUE='#'
WIDGET_SCROLLBOX_FALSE=''
WIDGET_SCROLLBOX_TRUE='#'
WIDGET_SCROLL_FALSE=''
WIDGET_SCROLL_TRUE='#'
WIDGET_SIMPLEMENU_FALSE=''
WIDGET_SIMPLEMENU_TRUE='#'
WIDGET_SUBMENUITEM_FALSE=''
WIDGET_SUBMENUITEM_TRUE='#'
WIDGET_TABPAGE_FALSE=''
WIDGET_TABPAGE_TRUE='#'
WIDGET_TERMINAL_FALSE=''
WIDGET_TERMINAL_TRUE='#'
WIDGET_TEXTBOX_FALSE=''
WIDGET_TEXTBOX_TRUE='#'
WIDGET_TEXTEDIT_FALSE=''
WIDGET_TEXTEDIT_TRUE='#'
WIDGET_TOOLBAR_FALSE=''
WIDGET_TOOLBAR_TRUE='#'
X11_FALSE=''
X11_TRUE='#'
ac_ct_AR=''
ac_ct_CC='gcc'
ac_ct_DUMPBIN=''
am__EXEEXT_FALSE=''
am__EXEEXT_TRUE='#'
am__fastdepCC_FALSE='#'
am__fastdepCC_TRUE=''
am__include='include'
am__isrc=' -I$(srcdir)'
am__leading_dot='.'
am__nodep='_no'
am__quote=''
am__tar='$${TAR-tar} chof - "$$tardir"'
am__untar='$${TAR-tar} xf -'
bindir='${exec_prefix}/bin'
build='x86_64-unknown-linux-gnu'
build_alias=''
build_cpu='x86_64'
build_os='linux-gnu'
build_vendor='unknown'
datadir='${datarootdir}'
datarootdir='${prefix}/share'
docdir='${datarootdir}/doc/${PACKAGE}'
dvidir='${docdir}'
exec_prefix='${prefix}'
host='x86_64-unknown-linux-gnu'
host_alias=''
host_cpu='x86_64'
host_os='linux-gnu'
host_vendor='unknown'
htmldir='${docdir}'
includedir='${prefix}/include'
infodir='${datarootdir}/info'
install_sh='${SHELL} /home/ed/amstrad/picogui/picogui-0.46/server/install-sh'
libdir='${exec_prefix}/lib'
libexecdir='${exec_prefix}/libexec'
localedir='${datarootdir}/locale'
localstatedir='${prefix}/var'
mandir='${datarootdir}/man'
mkdir_p='/bin/mkdir -p'
oldincludedir='/usr/include'
pdfdir='${docdir}'
prefix='/usr/local'
program_transform_name='s,x,x,'
psdir='${docdir}'
sbindir='${exec_prefix}/sbin'
sharedstatedir='${prefix}/com'
sysconfdir='${prefix}/etc'
target_alias=''

## ----------- ##
## confdefs.h. ##
## ----------- ##

/* confdefs.h */
#define PACKAGE_NAME ""
#define PACKAGE_TARNAME ""
#define PACKAGE_VERSION ""
#define PACKAGE_STRING ""
#define PACKAGE_BUGREPORT ""
#define PACKAGE_URL ""
#define PACKAGE "picogui-server"
#define VERSION "0.45"
#define HAVE_NCURSES_H 1
#define HAVE_CURSES_H 1
#define HAVE_DLFCN_H 1
#define LT_OBJDIR ".libs/"
#define HAVE_JPEGLIB_H 1
#define HAVE_LIBJPEG 1
#define HAVE_LIBPNG 1
#define HAVE_LIBX11 1
#define HAVE_DIRENT_H 1
#define HAVE_FCNTL_H 1
#define HAVE_MALLOC_H 1
#define HAVE_SYS_IOCTL_H 1
#define HAVE_SYS_TIME_H 1
#define HAVE_UNISTD_H 1
#define TIME_WITH_SYS_TIME 1
#define HAVE_STDLIB_H 1
#define HAVE_UNISTD_H 1
#define HAVE_SYS_PARAM_H 1
#define HAVE_GETPAGESIZE 1
#define HAVE_MMAP 1
#define RETSIGTYPE void
#define HAVE_VPRINTF 1
#define HAVE_GETTIMEOFDAY 1
#define HAVE_SELECT 1
#define HAVE_SOCKET 1
#define HAVE_STRERROR 1
#define HAVE_STRSPN 1
#define HAVE_STRTOL 1

configure: exit 0

## ---------------------- ##
## Running config.status. ##
## ---------------------- ##

This file was extended by config.status, which was
generated by GNU Autoconf 2.68.  Invocation command line was

  CONFIG_FILES    = 
  CONFIG_HEADERS  = 
  CONFIG_LINKS    = 
  CONFIG_COMMANDS = 
  $ ./config.status 

on ed-ThinkPad-X61

config.status:1286: creating Makefile
config.status:1286: creating widget/Makefile
config.status:1286: creating appmgr/Makefile
config.status:1286: creating debug/Makefile
config.status:1286: creating gcore/Makefile
config.status:1286: creating net/Makefile
config.status:1286: creating vidbase/Makefile
config.status:1286: creating theme/Makefile
config.status:1286: creating video/Makefile
config.status:1286: creating os/Makefile
config.status:1286: creating vidwrap/Makefile
config.status:1286: creating input/Makefile
config.status:1286: creating font/Makefile
config.status:1286: creating include/Makefile
config.status:1286: creating include/pgserver/Makefile
config.status:1286: creating include/picogui/Makefile
config.status:1286: creating configscript/Makefile
config.status:1286: creating configscript/lxdialog/Makefile
config.status:1286: creating formats/Makefile
config.status:1286: creating profiles/Makefile
config.status:1286: creating video/libvncserver/Makefile
config.status:1286: creating picogui-server.spec
config.status:1286: creating config.h
config.status:1500: executing depfiles commands
config.status:1500: executing libtool commands
